plugins/helloworld/app/build/outputs/mapping/civRelease/seeds.txt
com.atakmap.android.helloworld.plugin.R$color: int darker_gray
com.atakmap.android.helloworld.plugin.R$color: int light_blue
com.atakmap.android.helloworld.plugin.R$color: int light_gray
com.atakmap.android.helloworld.plugin.R$color: int transparent
com.atakmap.android.helloworld.plugin.R$color: int white
com.atakmap.android.helloworld.plugin.R$dimen: int fastscroll_default_thickness
com.atakmap.android.helloworld.plugin.R$dimen: int fastscroll_margin
com.atakmap.android.helloworld.plugin.R$dimen: int fastscroll_minimum_range
com.atakmap.android.helloworld.plugin.R$dimen: int fontSize
com.atakmap.android.helloworld.plugin.R$dimen: int item_touch_helper_max_drag_scroll_per_frame
com.atakmap.android.helloworld.plugin.R$dimen: int item_touch_helper_swipe_escape_max_velocity
com.atakmap.android.helloworld.plugin.R$dimen: int item_touch_helper_swipe_escape_velocity
com.atakmap.android.helloworld.plugin.R$drawable: int abc
com.atakmap.android.helloworld.plugin.R$drawable: int arrowright
com.atakmap.android.helloworld.plugin.R$drawable: int btn_gray
com.atakmap.android.helloworld.plugin.R$drawable: int dot_selected
com.atakmap.android.helloworld.plugin.R$drawable: int dot_selector
com.atakmap.android.helloworld.plugin.R$drawable: int dot_unselected
com.atakmap.android.helloworld.plugin.R$drawable: int ic_launcher
com.atakmap.android.helloworld.plugin.R$drawable: int ic_launcher_badge
com.atakmap.android.helloworld.plugin.R$drawable: int ic_route
com.atakmap.android.helloworld.plugin.R$drawable: int new_dark_button_bg
com.atakmap.android.helloworld.plugin.R$drawable: int new_dark_button_disabled
com.atakmap.android.helloworld.plugin.R$drawable: int new_dark_button_selected
com.atakmap.android.helloworld.plugin.R$drawable: int node_icon
com.atakmap.android.helloworld.plugin.R$drawable: int radio_icon
com.atakmap.android.helloworld.plugin.R$drawable: int rv_grid
com.atakmap.android.helloworld.plugin.R$drawable: int rv_horizontal
com.atakmap.android.helloworld.plugin.R$drawable: int rv_vertical
com.atakmap.android.helloworld.plugin.R$id: int addAnAircraft
com.atakmap.android.helloworld.plugin.R$id: int addCountToIcon
com.atakmap.android.helloworld.plugin.R$id: int addLayer
com.atakmap.android.helloworld.plugin.R$id: int addMultiLayer
com.atakmap.android.helloworld.plugin.R$id: int addRectangle
com.atakmap.android.helloworld.plugin.R$id: int addStream
com.atakmap.android.helloworld.plugin.R$id: int addToolbarItem
com.atakmap.android.helloworld.plugin.R$id: int addXRoute
com.atakmap.android.helloworld.plugin.R$id: int alphaGrid_txt
com.atakmap.android.helloworld.plugin.R$id: int btnHookNavigationEvents
com.atakmap.android.helloworld.plugin.R$id: int bumpControl
com.atakmap.android.helloworld.plugin.R$id: int button1
com.atakmap.android.helloworld.plugin.R$id: int callsign
com.atakmap.android.helloworld.plugin.R$id: int cameraLauncher
com.atakmap.android.helloworld.plugin.R$id: int coordinateEntry
com.atakmap.android.helloworld.plugin.R$id: int customMenuDefault
com.atakmap.android.helloworld.plugin.R$id: int customMenuFactory
com.atakmap.android.helloworld.plugin.R$id: int customType
com.atakmap.android.helloworld.plugin.R$id: int details_base
com.atakmap.android.helloworld.plugin.R$id: int drawShapes
com.atakmap.android.helloworld.plugin.R$id: int drawingExamples
com.atakmap.android.helloworld.plugin.R$id: int dropMarker_btn
com.atakmap.android.helloworld.plugin.R$id: int dropRoute
com.atakmap.android.helloworld.plugin.R$id: int easting_txt