plugins/helloworld/app/build/outputs/mapping/civRelease/mapping.txt
androidx.annotation.ColorRes -> atakplugin.helloworld.m:
androidx.annotation.ContentView -> atakplugin.helloworld.n:
androidx.annotation.DimenRes -> atakplugin.helloworld.o:
androidx.annotation.Dimension -> atakplugin.helloworld.p:
    int DP -> a
    int PX -> b
    int SP -> c
    int unit() -> a
androidx.annotation.DrawableRes -> atakplugin.helloworld.q:
androidx.annotation.FloatRange -> atakplugin.helloworld.r:
    double from() -> a
    double to() -> b
    boolean fromInclusive() -> c
    boolean toInclusive() -> d
androidx.annotation.FontRes -> atakplugin.helloworld.s:
androidx.annotation.FractionRes -> atakplugin.helloworld.t:
androidx.annotation.GuardedBy -> atakplugin.helloworld.u:
    java.lang.String value() -> a
androidx.annotation.HalfFloat -> atakplugin.helloworld.v:
androidx.annotation.IdRes -> atakplugin.helloworld.w:
androidx.annotation.InspectableProperty -> atakplugin.helloworld.x:
    java.lang.String name() -> a
    int attributeId() -> b
    boolean hasAttributeId() -> c
    androidx.annotation.InspectableProperty$ValueType valueType() -> d
    androidx.annotation.InspectableProperty$EnumEntry[] enumMapping() -> e
    androidx.annotation.InspectableProperty$FlagEntry[] flagMapping() -> f
androidx.annotation.InspectableProperty$EnumEntry -> atakplugin.helloworld.x$a:
    java.lang.String name() -> a
    int value() -> b
androidx.annotation.InspectableProperty$FlagEntry -> atakplugin.helloworld.x$b:
    java.lang.String name() -> a
    int target() -> b
    int mask() -> c
androidx.annotation.InspectableProperty$ValueType -> atakplugin.helloworld.x$c:
    androidx.annotation.InspectableProperty$ValueType NONE -> a
    androidx.annotation.InspectableProperty$ValueType INFERRED -> b
    androidx.annotation.InspectableProperty$ValueType INT_ENUM -> c
    androidx.annotation.InspectableProperty$ValueType INT_FLAG -> d
    androidx.annotation.InspectableProperty$ValueType COLOR -> e
    androidx.annotation.InspectableProperty$ValueType GRAVITY -> f
    androidx.annotation.InspectableProperty$ValueType RESOURCE_ID -> g
    androidx.annotation.InspectableProperty$ValueType[] $VALUES -> h
    148:148:androidx.annotation.InspectableProperty$ValueType[] values() -> values
    148:148:androidx.annotation.InspectableProperty$ValueType valueOf(java.lang.String) -> valueOf
    148:148:void <init>(java.lang.String,int) -> <init>
    148:197:void <clinit>() -> <clinit>
androidx.annotation.IntDef -> atakplugin.helloworld.y:
    int[] value() -> a
    boolean flag() -> b
    boolean open() -> c
androidx.annotation.IntRange -> atakplugin.helloworld.z:
    long from() -> a
    long to() -> b
androidx.annotation.IntegerRes -> atakplugin.helloworld.aa:
androidx.annotation.InterpolatorRes -> atakplugin.helloworld.ab:
androidx.annotation.Keep -> atakplugin.helloworld.ac:
androidx.annotation.LayoutRes -> atakplugin.helloworld.ad:
androidx.annotation.LongDef -> atakplugin.helloworld.ae:
    long[] value() -> a
    boolean flag() -> b
    boolean open() -> c
androidx.annotation.MainThread -> atakplugin.helloworld.af:
androidx.annotation.MenuRes -> atakplugin.helloworld.ag:
androidx.annotation.NavigationRes -> atakplugin.helloworld.ah:
androidx.annotation.NonNull -> atakplugin.helloworld.ai:
androidx.annotation.Nullable -> atakplugin.helloworld.aj:
androidx.annotation.PluralsRes -> atakplugin.helloworld.ak:
androidx.annotation.Px -> atakplugin.helloworld.al:
androidx.annotation.RawRes -> atakplugin.helloworld.am:
androidx.annotation.RequiresApi -> atakplugin.helloworld.an:
    int value() -> a
    int api() -> b
androidx.annotation.RequiresFeature -> atakplugin.helloworld.ao:
    java.lang.String name() -> a
    java.lang.String enforcement() -> b
androidx.annotation.RequiresPermission -> atakplugin.helloworld.ap:
    java.lang.String value() -> a
    java.lang.String[] allOf() -> b
    java.lang.String[] anyOf() -> c
    boolean conditional() -> d